2019-03-07 18:24:47,377 INFO o.a.j.u.JMeterUtils: Setting Locale to en_IN
2019-03-07 18:24:47,399 INFO o.a.j.JMeter: Loading user properties from: user.properties
2019-03-07 18:24:47,400 INFO o.a.j.JMeter: Loading system properties from: system.properties
2019-03-07 18:24:47,401 INFO o.a.j.JMeter: Setting JMeter property: baseUrl=controller-a-rtv20ist-ue1-a.qe.adobe-runtime.com
2019-03-07 18:24:47,401 INFO o.a.j.JMeter: Setting JMeter property: namespace=bladerunner-test
2019-03-07 18:24:47,401 INFO o.a.j.JMeter: Setting JMeter property: auth=MmVkNGFkNDgtOTIxMi00ZWJjLWE3ZmItZDdhOWI2MWQ0NDMzOndHVHFZZlFDUEk3SDM5dFRrWGpUS3U4ZDcxOXpMSGJxYXUzdkI1MWh2bFBqYXlpNW9wMUxOaTFrdUFQaWhFNTI=
2019-03-07 18:24:47,405 INFO o.a.j.JMeter: Copyright (c) 1998-2018 The Apache Software Foundation
2019-03-07 18:24:47,406 INFO o.a.j.JMeter: Version 5.0 r1840935
2019-03-07 18:24:47,406 INFO o.a.j.JMeter: java.version=1.8.0_191
2019-03-07 18:24:47,406 INFO o.a.j.JMeter: java.vm.name=Java HotSpot(TM) 64-Bit Server VM
2019-03-07 18:24:47,406 INFO o.a.j.JMeter: os.name=Mac OS X
2019-03-07 18:24:47,406 INFO o.a.j.JMeter: os.arch=x86_64
2019-03-07 18:24:47,406 INFO o.a.j.JMeter: os.version=10.12.3
2019-03-07 18:24:47,406 INFO o.a.j.JMeter: file.encoding=UTF-8
2019-03-07 18:24:47,406 INFO o.a.j.JMeter: Max memory     =3817865216
2019-03-07 18:24:47,406 INFO o.a.j.JMeter: Available Processors =8
2019-03-07 18:24:47,409 INFO o.a.j.JMeter: Default Locale=English (India)
2019-03-07 18:24:47,409 INFO o.a.j.JMeter: JMeter  Locale=English (India)
2019-03-07 18:24:47,409 INFO o.a.j.JMeter: JMeterHome=/Users/mamishra/Downloads/apache-jmeter-5.0
2019-03-07 18:24:47,410 INFO o.a.j.JMeter: user.dir  =/Users/mamishra/Downloads/apache-jmeter-5.0/bin
2019-03-07 18:24:47,410 INFO o.a.j.JMeter: PWD       =/Users/mamishra/Downloads/apache-jmeter-5.0/bin
2019-03-07 18:24:47,411 INFO o.a.j.JMeter: IP: 10.0.0.2 Name: Manojs-MacBook-Pro.local FullName: 10.0.0.2
2019-03-07 18:24:47,414 INFO o.a.j.s.FileServer: Default base='/Users/mamishra/Downloads/apache-jmeter-5.0/bin'
2019-03-07 18:24:47,417 INFO o.a.j.s.FileServer: Set new base='/Users/mamishra/Documents/jmeter/jmeter-scripts'
2019-03-07 18:24:47,527 INFO o.a.j.s.SaveService: Testplan (JMX) version: 2.2. Testlog (JTL) version: 2.2
2019-03-07 18:24:47,554 INFO o.a.j.s.SaveService: Using SaveService properties file encoding UTF-8
2019-03-07 18:24:47,559 INFO o.a.j.s.SaveService: Using SaveService properties version 5.0
2019-03-07 18:24:47,564 INFO o.a.j.s.SaveService: Loading file: /Users/mamishra/Documents/jmeter/jmeter-scripts/Performance_Smoke_Scenarios.jmx
2019-03-07 18:24:47,668 INFO o.a.j.p.h.s.HTTPSamplerBase: Parser for text/html is org.apache.jmeter.protocol.http.parser.LagartoBasedHtmlParser
2019-03-07 18:24:47,668 INFO o.a.j.p.h.s.HTTPSamplerBase: Parser for application/xhtml+xml is org.apache.jmeter.protocol.http.parser.LagartoBasedHtmlParser
2019-03-07 18:24:47,668 INFO o.a.j.p.h.s.HTTPSamplerBase: Parser for application/xml is org.apache.jmeter.protocol.http.parser.LagartoBasedHtmlParser
2019-03-07 18:24:47,669 INFO o.a.j.p.h.s.HTTPSamplerBase: Parser for text/xml is org.apache.jmeter.protocol.http.parser.LagartoBasedHtmlParser
2019-03-07 18:24:47,669 INFO o.a.j.p.h.s.HTTPSamplerBase: Parser for text/vnd.wap.wml is org.apache.jmeter.protocol.http.parser.RegexpHTMLParser
2019-03-07 18:24:47,669 INFO o.a.j.p.h.s.HTTPSamplerBase: Parser for text/css is org.apache.jmeter.protocol.http.parser.CssParser
2019-03-07 18:24:48,012 INFO o.a.j.s.SampleResult: Note: Sample TimeStamps are START times
2019-03-07 18:24:48,012 INFO o.a.j.s.SampleResult: sampleresult.default.encoding is set to ISO-8859-1
2019-03-07 18:24:48,012 INFO o.a.j.s.SampleResult: sampleresult.useNanoTime=true
2019-03-07 18:24:48,012 INFO o.a.j.s.SampleResult: sampleresult.nanoThreadSleep=5000
2019-03-07 18:24:48,022 INFO o.a.j.JMeter: Creating summariser <summary>
2019-03-07 18:24:48,027 INFO o.a.j.e.StandardJMeterEngine: Running the test!
2019-03-07 18:24:48,028 INFO o.a.j.s.SampleEvent: List of sample_variables: []
2019-03-07 18:24:48,028 INFO o.a.j.s.SampleEvent: List of sample_variables: []
2019-03-07 18:24:48,036 INFO o.a.j.e.u.CompoundVariable: Note: Function class names must contain the string: '.functions.'
2019-03-07 18:24:48,037 INFO o.a.j.e.u.CompoundVariable: Note: Function class names must not contain the string: '.gui.'
2019-03-07 18:24:48,393 INFO o.a.j.JMeter: Running test (1551963288393)
2019-03-07 18:24:48,461 INFO o.a.j.e.StandardJMeterEngine: Starting ThreadGroup: 1 : SetUp
2019-03-07 18:24:48,461 INFO o.a.j.e.StandardJMeterEngine: Starting 1 threads for group SetUp.
2019-03-07 18:24:48,461 INFO o.a.j.e.StandardJMeterEngine: Thread will continue on error
2019-03-07 18:24:48,461 INFO o.a.j.t.ThreadGroup: Starting thread group... number=1 threads=1 ramp-up=1 perThread=1000.0 delayedStart=false
2019-03-07 18:24:48,469 INFO o.a.j.t.ThreadGroup: Started thread group number 1
2019-03-07 18:24:48,469 INFO o.a.j.e.StandardJMeterEngine: Waiting for thread group: SetUp to finish before starting next group
2019-03-07 18:24:48,470 INFO o.a.j.t.JMeterThread: Thread started: SetUp 1-1
2019-03-07 18:24:48,480 INFO o.a.j.t.JMeterThread: Thread is done: SetUp 1-1
2019-03-07 18:24:48,480 INFO o.a.j.t.JMeterThread: Thread finished: SetUp 1-1
2019-03-07 18:24:48,481 INFO o.a.j.e.StandardJMeterEngine: Starting ThreadGroup: 2 : Create Action
2019-03-07 18:24:48,481 INFO o.a.j.e.StandardJMeterEngine: Starting 1 threads for group Create Action.
2019-03-07 18:24:48,481 INFO o.a.j.e.StandardJMeterEngine: Thread will continue on error
2019-03-07 18:24:48,481 INFO o.a.j.t.ThreadGroup: Starting thread group... number=2 threads=1 ramp-up=1 perThread=1000.0 delayedStart=false
2019-03-07 18:24:48,486 INFO o.a.j.t.ThreadGroup: Started thread group number 2
2019-03-07 18:24:48,486 INFO o.a.j.e.StandardJMeterEngine: Waiting for thread group: Create Action to finish before starting next group
2019-03-07 18:24:48,489 INFO o.a.j.t.JMeterThread: Thread started: Create Action 2-1
2019-03-07 18:24:48,509 INFO o.a.j.p.h.s.HTTPHCAbstractImpl: Local host = Manojs-MacBook-Pro.local
2019-03-07 18:24:48,516 INFO o.a.j.p.h.s.HTTPHC4Impl: HTTP request retry count = 0
2019-03-07 18:24:48,642 INFO o.a.j.p.h.s.h.LazyLayeredConnectionSocketFactory: Setting up HTTPS TrustAll Socket Factory
2019-03-07 18:24:48,649 INFO o.a.j.u.JsseSSLManager: Using default SSL protocol: TLS
2019-03-07 18:24:48,649 INFO o.a.j.u.JsseSSLManager: SSL session context: per-thread
2019-03-07 18:24:49,056 INFO o.a.j.u.SSLManager: JmeterKeyStore Location:  type JKS
2019-03-07 18:24:49,057 INFO o.a.j.u.SSLManager: KeyStore created OK
2019-03-07 18:24:49,057 WARN o.a.j.u.SSLManager: Keystore file not found, loading empty keystore
2019-03-07 18:24:50,056 INFO o.a.j.t.JMeterThread: Thread is done: Create Action 2-1
2019-03-07 18:24:50,056 INFO o.a.j.t.JMeterThread: Thread finished: Create Action 2-1
2019-03-07 18:24:50,058 INFO o.a.j.e.StandardJMeterEngine: Starting ThreadGroup: 3 : Verify Base line RT for Invoke Action without concurrency
2019-03-07 18:24:50,058 INFO o.a.j.e.StandardJMeterEngine: Starting 3 threads for group Verify Base line RT for Invoke Action without concurrency.
2019-03-07 18:24:50,058 INFO o.a.j.e.StandardJMeterEngine: Thread will continue on error
2019-03-07 18:24:50,059 INFO o.a.j.t.ThreadGroup: Starting thread group... number=3 threads=3 ramp-up=1 perThread=333.33334 delayedStart=false
2019-03-07 18:24:50,082 INFO o.a.j.t.JMeterThread: Thread started: Verify Base line RT for Invoke Action without concurrency 3-1
2019-03-07 18:24:50,132 INFO o.a.j.t.ThreadGroup: Started thread group number 3
2019-03-07 18:24:50,132 INFO o.a.j.e.StandardJMeterEngine: All thread groups have been started
2019-03-07 18:24:50,442 INFO o.a.j.t.JMeterThread: Thread started: Verify Base line RT for Invoke Action without concurrency 3-2
2019-03-07 18:24:50,799 INFO o.a.j.t.JMeterThread: Thread started: Verify Base line RT for Invoke Action without concurrency 3-3
2019-03-07 18:24:55,362 INFO o.a.j.u.BeanShellTestElement: response time: 5267
2019-03-07 18:24:55,364 INFO o.a.j.u.BeanShellTestElement: lenght of the list: 1
2019-03-07 18:24:55,365 INFO o.a.j.u.BeanShellTestElement: Total Requests: 1
2019-03-07 18:24:55,367 INFO o.a.j.u.BeanShellTestElement: Total response time: 5267
2019-03-07 18:24:55,367 INFO o.a.j.u.BeanShellTestElement: HHIIiiiiiiiiiiiii verifyingggggg
2019-03-07 18:24:55,368 INFO o.a.j.u.BeanShellTestElement: HHIIiiiiiiiiiiiii verifyingggggg
2019-03-07 18:24:55,370 INFO o.a.j.t.JMeterThread: Thread is done: Verify Base line RT for Invoke Action without concurrency 3-1
2019-03-07 18:24:55,370 INFO o.a.j.t.JMeterThread: Thread finished: Verify Base line RT for Invoke Action without concurrency 3-1
2019-03-07 18:24:56,792 INFO o.a.j.u.BeanShellTestElement: response time: 6343
2019-03-07 18:24:56,792 INFO o.a.j.u.BeanShellTestElement: lenght of the list: 2
2019-03-07 18:24:56,793 INFO o.a.j.u.BeanShellTestElement: Total Requests: 2
2019-03-07 18:24:56,793 INFO o.a.j.u.BeanShellTestElement: Total response time: 11610
2019-03-07 18:24:56,794 INFO o.a.j.u.BeanShellTestElement: HHIIiiiiiiiiiiiii verifyingggggg
2019-03-07 18:24:56,794 INFO o.a.j.u.BeanShellTestElement: HHIIiiiiiiiiiiiii verifyingggggg
2019-03-07 18:24:56,796 INFO o.a.j.t.JMeterThread: Thread is done: Verify Base line RT for Invoke Action without concurrency 3-2
2019-03-07 18:24:56,796 INFO o.a.j.t.JMeterThread: Thread finished: Verify Base line RT for Invoke Action without concurrency 3-2
2019-03-07 18:24:56,802 INFO o.a.j.u.BeanShellTestElement: response time: 5998
2019-03-07 18:24:56,803 INFO o.a.j.u.BeanShellTestElement: lenght of the list: 3
2019-03-07 18:24:56,804 INFO o.a.j.u.BeanShellTestElement: Total Requests: 3
2019-03-07 18:24:56,805 INFO o.a.j.u.BeanShellTestElement: Total response time: 17608
2019-03-07 18:24:56,805 INFO o.a.j.u.BeanShellTestElement: HHIIiiiiiiiiiiiii verifyingggggg
2019-03-07 18:24:56,805 INFO o.a.j.u.BeanShellTestElement: HHIIiiiiiiiiiiiii verifyingggggg
2019-03-07 18:24:56,808 INFO o.a.j.u.BeanShellTestElement: Average rt:5869
2019-03-07 18:24:56,808 INFO o.a.j.u.BeanShellTestElement: Average time: 5869
2019-03-07 18:24:56,809 INFO o.a.j.t.JMeterThread: Thread is done: Verify Base line RT for Invoke Action without concurrency 3-3
2019-03-07 18:24:56,809 INFO o.a.j.t.JMeterThread: Thread finished: Verify Base line RT for Invoke Action without concurrency 3-3
2019-03-07 18:24:56,810 INFO o.a.j.e.StandardJMeterEngine: Notifying test listeners of end of test
2019-03-07 18:24:56,810 INFO o.a.j.r.Summariser: summary =      9 in 00:00:08 =    1.1/s Avg:  2119 Min:     1 Max:  6343 Err:     1 (11.11%)
